<?xml version="1.0" encoding="UTF-8"?>
<!-- Generated by org.testng.reporters.JUnitReportReporter -->
<testsuite hostname="Shubham" failures="0" tests="5" name="Login.kk" time="0.966" errors="0" timestamp="2023-04-24T14:19:49 IST" skipped="0">
  <testcase classname="Login.kk" name="tc4" time="0.598"/>
  <system-out/>
  <testcase classname="Login.kk" name="tc3" time="0.074"/>
  <system-out/>
  <testcase classname="Login.kk" name="tc5" time="0.083"/>
  <system-out/>
  <testcase classname="Login.kk" name="tc1" time="0.123"/>
  <system-out/>
  <testcase classname="Login.kk" name="tc2" time="0.088"/>
  <system-out/>
</testsuite> <!-- Login.kk -->
